[2019-01-27 23:39:51,946][MainThread:4613072320][task_id:python.item2.core.src][src.py:24][ERROR][用户名不存在]
[2019-01-28 00:07:49,880][MainThread:4439381440][task_id:python.item2.core.src][src.py:34][ERROR][用户名不存在]
[2019-01-28 00:08:39,005][MainThread:4600423872][task_id:python.item2.core.src][src.py:33][ERROR][用户名不存在]
[2019-01-28 00:09:12,672][MainThread:4600423872][task_id:python.item2.core.src][src.py:33][ERROR][用户名不存在]
[2019-01-28 00:10:20,402][MainThread:4519577024][task_id:python.item2.core.src][src.py:33][ERROR][用户名不存在]
[2019-01-28 00:10:44,946][MainThread:4519577024][task_id:python.item2.core.src][src.py:33][ERROR][用户名不存在]
[2019-01-28 00:10:57,052][MainThread:4519577024][task_id:python.item2.core.src][src.py:30][ERROR][密码错误]
[2019-01-28 00:11:18,563][MainThread:4519577024][task_id:python.item2.core.src][src.py:30][ERROR][密码错误]
[2019-01-28 00:11:26,626][MainThread:4334228928][task_id:python.item2.core.src][src.py:30][ERROR][密码错误]
[2019-01-28 00:50:57,920][MainThread:4549711296][task_id:python.item2.core.src][src.py:28][INFO][登录成功]
[2019-01-28 00:51:32,208][MainThread:4721984960][task_id:python.item2.core.src][src.py:28][INFO][登录成功]
[2019-01-28 00:51:56,834][MainThread:4668372416][task_id:python.item2.core.src][src.py:28][INFO][登录成功]
[2019-01-28 00:52:26,650][MainThread:4573865408][task_id:python.item2.core.src][src.py:28][INFO][登录成功]
[2019-01-28 00:57:43,281][MainThread:4355024320][task_id:python.item2.core.src][src.py:36][ERROR][用户名不存在]
[2019-01-28 00:57:52,411][MainThread:4355024320][task_id:python.item2.core.src][src.py:28][INFO][登录成功]
[2019-01-28 01:01:59,024][MainThread:4323304896][task_id:python.item2.core.src][src.py:28][INFO][登录成功]
[2019-01-28 01:03:44,867][MainThread:4583171520][task_id:python.item2.core.src][src.py:28][INFO][登录成功]
[2019-01-28 01:03:48,796][MainThread:4583171520][task_id:python.item2.core.src][src.py:55][INFO][购买成功]
[2019-01-28 01:05:06,230][MainThread:4361369024][task_id:python.item2.core.src][src.py:28][INFO][登录成功]
[2019-01-28 01:05:11,525][MainThread:4361369024][task_id:python.item2.core.src][src.py:55][INFO][购买成功]
[2019-01-28 01:05:28,223][MainThread:4361369024][task_id:python.item2.core.src][src.py:55][INFO][购买成功]
[2019-01-28 01:09:51,284][MainThread:4564022720][task_id:python.item2.core.src][src.py:36][ERROR][用户名不存在]
[2019-01-28 01:10:02,252][MainThread:4564022720][task_id:python.item2.core.src][src.py:28][INFO][登录成功]
[2019-01-28 01:10:09,052][MainThread:4564022720][task_id:python.item2.core.src][src.py:54][INFO][购买成功]
[2019-01-28 01:10:13,941][MainThread:4564022720][task_id:python.item2.core.src][src.py:54][INFO][购买成功]
[2019-01-28 01:26:47,485][MainThread:4370122176][task_id:python.item2.core.src][src.py:28][INFO][登录成功]
[2019-01-28 01:26:59,533][MainThread:4370122176][task_id:python.item2.core.src][src.py:54][INFO][购买成功]
[2019-01-28 01:27:07,799][MainThread:4370122176][task_id:python.item2.core.src][src.py:54][INFO][购买成功]
[2019-01-28 01:27:48,958][MainThread:4370122176][task_id:python.item2.core.src][src.py:59][INFO][余额1000]
